


****************************************************************************************************************************************************************************
******************** Run: run.py | Framework: PyTorch | Method: tripnet_cholectcholect45-crossval_k1_lowres | Version: 2 | Data: CholecT50 | Batch: 64 ********************
****** Time: Tue Dec 13 03:28:01 2022 | Start: 0-epoch  0-steps | Init CKPT: None | Save CKPT: ./__checkpoint__/run_2/tripnet_cholectcholect45-crossval_k1_lowres.pth ******
*** LR Config: Init: [0.01, 0.001, 0.0001] | Peak: [0.1, 0.01, 0.001] | Warmup Epoch: [9, 18, 58] | Rise: 0.1 | Decay 0.99 | train params 26545914 | all params 26545914 ***
****************************************************************************************************************************************************************************
Traning | lr: [[0.01], [0.001], [0.0001]] | epoch 0 | completed | Losses => i: [0.6504] v: [0.1740] t: [0.1390] ivt: [0.7034] >> eta: 44.97 secs
Evaluating @ epoch:  0
>>> Saving checkpoint for epoch 1 at ./__checkpoint__/run_2/tripnet_cholectcholect45-crossval_k1_lowres.pth, time Tue Dec 13 03:29:32 2022 
							 video-wise | eta 46.71 secs | mAP => ivt: [0.03392] 
--------------------------------------------------
Test Results
Per-category AP: 
I   : [0.69623653 0.05887592 0.51391659 0.02458277 0.09266012 0.04728081]
V   : [0.18914365 0.39147076 0.37256619 0.04716046 0.03114604 0.0184932
 0.07236347 0.00234348 0.01260777 0.13107569]
T   : [0.63234122 0.00995668 0.08757589 0.0236934  0.00341142 0.00843864
 0.05937676 0.03385715 0.13070997        nan 0.04678038 0.0294267
 0.00874467 0.04441489 0.14842016]
IV  : [0.21229622 0.39705443        nan 0.00458862 0.07044792        nan
        nan        nan 0.05343793 0.00098814        nan 0.33355608
 0.00169033        nan 0.09141595        nan        nan 0.02905916
        nan 0.03258841        nan        nan        nan 0.04295798
 0.01409313 0.00837826]
IT  : [0.36793795        nan 0.00791161        nan 0.00760673 0.13183694
 0.07301217 0.0147767  0.00315992 0.05060984 0.07044792        nan
        nan        nan        nan        nan 0.00841846 0.02871905
 0.01576451        nan        nan 0.0532777         nan 0.00098814
 0.27807445 0.01416693 0.05661449 0.02890523        nan 0.00212314
 0.00275906 0.05819673        nan 0.09141595        nan        nan
 0.01533553 0.00569537        nan        nan        nan 0.01484636
        nan        nan        nan 0.02585448 0.01050024        nan
        nan        nan        nan        nan        nan        nan
 0.04295798 0.00215339        nan        nan 0.00837826]
IVT : [       nan        nan        nan        nan 0.01696194        nan
        nan 0.16342013        nan        nan        nan        nan
 0.05060984 0.00458862        nan 0.01020894        nan 0.22998284
 0.00368939 0.13728709 0.0781829  0.01492447 0.02871905 0.00841846
        nan        nan        nan        nan        nan 0.01394877
        nan 0.0532777         nan        nan        nan        nan
        nan        nan        nan        nan        nan        nan
        nan        nan        nan        nan 0.00393701        nan
        nan        nan        nan        nan 0.00282559        nan
        nan        nan        nan 0.02677438 0.05996767 0.01687712
 0.24937304 0.05496543        nan        nan        nan        nan
        nan        nan 0.00569537 0.01533553        nan        nan
 0.01530257        nan        nan        nan        nan        nan
 0.01050024 0.02585448        nan        nan 0.04295798        nan
        nan        nan        nan        nan 0.00215339        nan
        nan        nan        nan        nan 0.07044792 0.00098814
 0.09141595        nan        nan 0.00837826]
--------------------------------------------------
Mean AP:  I  |  V  |  T  |  IV  |  IT  |  IVT 
:::::: : 0.2389 | 0.1268 | 0.0905 | 0.0923 | 0.0497 | 0.0474 
==================================================
All done!
Shutting done...
It is what it is ...
C'est finis! ----------------------------------------------------------------------------------------------------------------------------------------------------------------------------



****************************************************************************************************************************************************************************
******************** Run: run.py | Framework: PyTorch | Method: tripnet_cholectcholect45-crossval_k1_lowres | Version: 2 | Data: CholecT50 | Batch: 64 ********************
****** Time: Tue Dec 13 03:46:11 2022 | Start: 0-epoch  0-steps | Init CKPT: None | Save CKPT: ./__checkpoint__/run_2/tripnet_cholectcholect45-crossval_k1_lowres.pth ******
*** LR Config: Init: [0.01, 0.001, 0.0001] | Peak: [0.1, 0.01, 0.001] | Warmup Epoch: [9, 18, 58] | Rise: 0.1 | Decay 0.99 | train params 26545914 | all params 26545914 ***
****************************************************************************************************************************************************************************
Traning | lr: [[0.01], [0.001], [0.0001]] | epoch 0 | completed | Losses => i: [0.6723] v: [0.2789] t: [0.1774] ivt: [0.6904] >> eta: 50.60 secs
Evaluating @ epoch:  0
>>> Saving checkpoint for epoch 1 at ./__checkpoint__/run_2/tripnet_cholectcholect45-crossval_k1_lowres.pth, time Tue Dec 13 03:47:48 2022 
							 video-wise | eta 46.42 secs | mAP => ivt: [0.03229] 
--------------------------------------------------
Test Results
Per-category AP: 
I   : [0.76353972 0.05566135 0.51829916 0.02546794 0.0527973  0.07103498]
V   : [0.20576157 0.3961729  0.34261063 0.06812581 0.03766788 0.02862724
 0.04054672 0.00427422 0.00492367 0.14077919]
T   : [0.59234134 0.0170022  0.11982399 0.03364765 0.00170194 0.00781928
 0.04645126 0.03433271 0.11545444        nan 0.04636355 0.0214663
 0.0109135  0.04501865 0.12496358]
IV  : [0.19088763 0.32069041        nan 0.00404531 0.05315369        nan
        nan        nan 0.04870279 0.00390625        nan 0.30092317
 0.00291638        nan 0.0715268         nan        nan 0.02849966
        nan 0.02865373        nan        nan        nan 0.04798319
 0.00356745 0.00581263]
IT  : [0.38217252        nan 0.00575899        nan 0.00456824 0.1252698
 0.05343675 0.01963002 0.00226476 0.03490234 0.05315369        nan
        nan        nan        nan        nan 0.00818681 0.04272591
 0.01373234        nan        nan 0.04824827        nan 0.00390625
 0.21414277 0.01529912 0.04532519 0.026984          nan 0.00081037
 0.00237864 0.05802401        nan 0.0715268         nan        nan
 0.02880096 0.00446937        nan        nan        nan 0.01628539
        nan        nan        nan 0.01775199 0.01197425        nan
        nan        nan        nan        nan        nan        nan
 0.04798319 0.00266668        nan        nan 0.00581263]
IVT : [       nan        nan        nan        nan 0.01271864        nan
        nan 0.20382498        nan        nan        nan        nan
 0.03490234 0.00404531        nan 0.00735227        nan 0.24373977
 0.00275779 0.12537615 0.05236769 0.02123668 0.04272591 0.00818681
        nan        nan        nan        nan        nan 0.00966093
        nan 0.04824827        nan        nan        nan        nan
        nan        nan        nan        nan        nan        nan
        nan        nan        nan        nan 0.00091241        nan
        nan        nan        nan        nan 0.00279215        nan
        nan        nan        nan 0.04635146 0.05579309 0.01711915
 0.24042488 0.06826857        nan        nan        nan        nan
        nan        nan 0.00446937 0.02880096        nan        nan
 0.01738987        nan        nan        nan        nan        nan
 0.01197425 0.01775199        nan        nan 0.04798319        nan
        nan        nan        nan        nan 0.00266668        nan
        nan        nan        nan        nan 0.05315369 0.00390625
 0.0715268         nan        nan 0.00581263]
--------------------------------------------------
Mean AP:  I  |  V  |  T  |  IV  |  IT  |  IVT 
:::::: : 0.2478 | 0.1269 | 0.0870 | 0.0794 | 0.0456 | 0.0473 
==================================================
All done!
Shutting done...
It is what it is ...
C'est finis! ----------------------------------------------------------------------------------------------------------------------------------------------------------------------------



****************************************************************************************************************************************************************************
******************** Run: run.py | Framework: PyTorch | Method: tripnet_cholectcholect45-crossval_k1_lowres | Version: 2 | Data: CholecT50 | Batch: 64 ********************
****** Time: Tue Dec 13 04:40:36 2022 | Start: 0-epoch  0-steps | Init CKPT: None | Save CKPT: ./__checkpoint__/run_2/tripnet_cholectcholect45-crossval_k1_lowres.pth ******
*** LR Config: Init: [0.01, 0.001, 0.0001] | Peak: [0.1, 0.01, 0.001] | Warmup Epoch: [9, 18, 58] | Rise: 0.1 | Decay 0.99 | train params 26545914 | all params 26545914 ***
****************************************************************************************************************************************************************************
Traning | lr: [[0.01], [0.001], [0.0001]] | epoch 0 | completed | Losses => i: [0.6561] v: [0.2386] t: [0.1900] ivt: [0.7067] >> eta: 50.93 secs
Evaluating @ epoch:  0
>>> Saving checkpoint for epoch 1 at ./__checkpoint__/run_2/tripnet_cholectcholect45-crossval_k1_lowres.pth, time Tue Dec 13 04:42:13 2022 
							 video-wise | eta 46.46 secs | mAP => ivt: [0.03379] 
Traning | lr: [[0.02], [0.0015], [0.00011551724137931035]] | epoch 1 | completed | Losses => i: [0.4721] v: [0.2455] t: [0.1732] ivt: [0.6931] >> eta: 48.31 secs
Evaluating @ epoch:  1
							 video-wise | eta 45.23 secs | mAP => ivt: [0.03168] 
Traning | lr: [[0.03], [0.002], [0.00013103448275862068]] | epoch 2 | completed | Losses => i: [0.4412] v: [0.1966] t: [0.1077] ivt: [0.6852] >> eta: 48.09 secs
Evaluating @ epoch:  2
							 video-wise | eta 45.31 secs | mAP => ivt: [0.03204] 
Traning | lr: [[0.039999999999999994], [0.0025], [0.00014655172413793104]] | epoch 3 | completed | Losses => i: [0.3570] v: [0.3256] t: [0.1883] ivt: [0.6952] >> eta: 48.17 secs
Evaluating @ epoch:  3
							 video-wise | eta 45.25 secs | mAP => ivt: [0.03195] 
Traning | lr: [[0.04999999999999999], [0.003], [0.0001620689655172414]] | epoch 4 | completed | Losses => i: [0.4092] v: [0.2117] t: [0.1180] ivt: [0.6886] >> eta: 47.80 secs
Evaluating @ epoch:  4
							 video-wise | eta 45.73 secs | mAP => ivt: [0.03127] 
Traning | lr: [[0.059999999999999984], [0.0035000000000000005], [0.00017758620689655173]] | epoch 5 | completed | Losses => i: [0.2743] v: [0.2302] t: [0.1831] ivt: [0.6924] >> eta: 44.13 secs
Evaluating @ epoch:  5
							 video-wise | eta 45.29 secs | mAP => ivt: [0.03109] 
Traning | lr: [[0.06999999999999998], [0.004], [0.00019310344827586207]] | epoch 6 | completed | Losses => i: [0.1875] v: [0.1242] t: [0.1462] ivt: [0.6826] >> eta: 49.89 secs
Evaluating @ epoch:  6
							 video-wise | eta 45.27 secs | mAP => ivt: [0.03204] 
Traning | lr: [[0.07999999999999997], [0.0045000000000000005], [0.0002086206896551724]] | epoch 7 | completed | Losses => i: [0.2151] v: [0.1504] t: [0.1040] ivt: [0.6915] >> eta: 44.16 secs
Evaluating @ epoch:  7
							 video-wise | eta 45.21 secs | mAP => ivt: [0.03297] 
Traning | lr: [[0.08999999999999997], [0.005000000000000001], [0.00022413793103448273]] | epoch 8 | completed | Losses => i: [0.2158] v: [0.1100] t: [0.0964] ivt: [0.6885] >> eta: 43.52 secs
Evaluating @ epoch:  8
							 video-wise | eta 45.09 secs | mAP => ivt: [0.03164] 
Traning | lr: [[0.09999999999999996], [0.005500000000000001], [0.00023965517241379306]] | epoch 9 | completed | Losses => i: [0.2288] v: [0.2081] t: [0.1025] ivt: [0.7024] >> eta: 44.41 secs
Evaluating @ epoch:  9
>>> Saving checkpoint for epoch 10 at ./__checkpoint__/run_2/tripnet_cholectcholect45-crossval_k1_lowres.pth, time Tue Dec 13 04:56:02 2022 
							 video-wise | eta 46.66 secs | mAP => ivt: [0.03784] 
--------------------------------------------------
Test Results
Per-category AP: 
I   : [0.8823382  0.48158888 0.93753174 0.21669022 0.54875529 0.17434901]
V   : [0.46010135 0.69999389 0.81775613 0.13226681 0.25253486 0.08942934
 0.06957885 0.03609218 0.24107143 0.20831359]
T   : [0.82744725 0.00871607 0.09785678 0.02519265 0.00334049 0.01239437
 0.08723548 0.06045671 0.39371467        nan 0.09068833 0.02254517
 0.00174329 0.47236291 0.16485778]
IV  : [0.22078999 0.47301585        nan 0.00519748 0.06148793        nan
        nan        nan 0.07087198 0.00073692        nan 0.2699844
 0.00151988        nan 0.1175685         nan        nan 0.02140888
        nan 0.02334788        nan        nan        nan 0.08469316
 0.01145902 0.00296013]
IT  : [0.37313053        nan 0.02689304        nan 0.00748883 0.17270845
 0.04617685 0.01894637 0.00210606 0.05390306 0.06148793        nan
        nan        nan        nan        nan 0.01044934 0.01848677
 0.00730526        nan        nan 0.04819468        nan 0.00073692
 0.25587401 0.01753655 0.03786424 0.01905362        nan 0.00071429
 0.00484875 0.05564941        nan 0.1175685         nan        nan
 0.01300118 0.03299747        nan        nan        nan 0.01320318
        nan        nan        nan 0.01706227 0.01065386        nan
        nan        nan        nan        nan        nan        nan
 0.08469316 0.01281053        nan        nan 0.00296013]
IVT : [       nan        nan        nan        nan 0.00425762        nan
        nan 0.19277216        nan        nan        nan        nan
 0.05390306 0.00519748        nan 0.00363539        nan 0.34332766
 0.00659349 0.10252922 0.04346581 0.02297326 0.01848677 0.01044934
        nan        nan        nan        nan        nan 0.00746368
        nan 0.04819468        nan        nan        nan        nan
        nan        nan        nan        nan        nan        nan
        nan        nan        nan        nan 0.00078927        nan
        nan        nan        nan        nan 0.00697628        nan
        nan        nan        nan 0.0407762  0.04178698 0.01940674
 0.25913436 0.03888186        nan        nan        nan        nan
        nan        nan 0.03299747 0.01300118        nan        nan
 0.01433066        nan        nan        nan        nan        nan
 0.01065386 0.01706227        nan        nan 0.08469316        nan
        nan        nan        nan        nan 0.01281053        nan
        nan        nan        nan        nan 0.06148793 0.00073692
 0.1175685         nan        nan 0.00296013]
--------------------------------------------------
Mean AP:  I  |  V  |  T  |  IV  |  IT  |  IVT 
:::::: : 0.5402 | 0.3007 | 0.1620 | 0.0975 | 0.0515 | 0.0512 
==================================================
All done!
Shutting done...
It is what it is ...
C'est finis! ----------------------------------------------------------------------------------------------------------------------------------------------------------------------------
